#
# A fatal error has been detected by the Java Runtime Environment:
#
#  EXCEPTION_ACCESS_VIOLATION (0xc0000005) at pc=0x00007ffef7fa5663, pid=10320, tid=3832
#
# JRE version:  (11.0.15+8) (build )
# Java VM: Java HotSpot(TM) 64-Bit Server VM (11.0.15+8-LTS-149, mixed mode, sharing, tiered, compressed oops, g1 gc, windows-amd64)
# Problematic frame:
# V  [jvm.dll+0x1c5663]
#
# No core dump will be written. Minidumps are not enabled by default on client versions of Windows
#
#

---------------  S U M M A R Y ------------

Command Line: 

Host: 11th Gen Intel(R) Core(TM) i5-1135G7 @ 2.40GHz, 8 cores, 7G,  Windows 11 , 64 bit Build 22000 (10.0.22000.675)
Time: Sat May 28 07:49:23 2022 Hora oficial do Brasil elapsed time: 0.010562 seconds (0d 0h 0m 0s)

---------------  T H R E A D  ---------------

Current thread (0x0000019148ce1800):  JavaThread "Unknown thread" [_thread_in_vm, id=3832, stack(0x00000054c8b00000,0x00000054c8c00000)]

Stack: [0x00000054c8b00000,0x00000054c8c00000],  sp=0x00000054c8bfe980,  free space=1018k
Native frames: (J=compiled Java code, j=interpreted, Vv=VM code, C=native code)
V  [jvm.dll+0x1c5663]
V  [jvm.dll+0x1c3873]
V  [jvm.dll+0x346a9b]
V  [jvm.dll+0x723810]
V  [jvm.dll+0x3b56cf]
V  [jvm.dll+0x3b77e1]
C  [jli.dll+0x5207]
C  [ucrtbase.dll+0x26c0c]
C  [KERNEL32.DLL+0x154e0]
C  [ntdll.dll+0x485b]


siginfo: EXCEPTION_ACCESS_VIOLATION (0xc0000005), reading address 0x0000000000000000


Registers:
RAX=0x0000bfe261e0a8cf, RBX=0x0000000000000000, RCX=0x0000000000000000, RDX=0x00007fff3dd2d0d8
RSP=0x00000054c8bfe980, RBP=0x0000000000000000, RSI=0x0000019148ce1800, RDI=0x0000000000000000
R8 =0x0000000000000000, R9 =0x0000000000000000, R10=0x0000000000000000, R11=0x00000054c8bfe740
R12=0x0000000000000000, R13=0x00007ffef83b6bf0, R14=0x00000191465c09a8, R15=0x00000054c8bff6c8
RIP=0x00007ffef7fa5663, EFLAGS=0x0000000000010256

Top of Stack: (sp=0x00000054c8bfe980)
0x00000054c8bfe980:   00000191465cad10 00007fff4512b510
0x00000054c8bfe990:   00000054c8bff6c8 00000191465c09a8
0x00000054c8bfe9a0:   0000000000000000 00000054c8bfeea0
0x00000054c8bfe9b0:   00000054c8bfeaa0 00007ffef83b6bf0
0x00000054c8bfe9c0:   000061882c717ca7 00007ffef84d6f6b
0x00000054c8bfe9d0:   00007fff3dd20000 00000054c8bff6c8
0x00000054c8bfe9e0:   00000191465c09a8 00007ffef83b6bf0
0x00000054c8bfe9f0:   0000000000000000 00007ffef7fa371a
0x00000054c8bfea00:   0000000000000000 00007fff4512e45c
0x00000054c8bfea10:   00007ffef862b710 00007ffef8430093
0x00000054c8bfea20:   0000bfe261e0a8cf 00000191465c09a8
0x00000054c8bfea30:   00007ffe00000000 00007ffef83b6bf0
0x00000054c8bfea40:   0000019148ce1800 00000054c8bfeb60
0x00000054c8bfea50:   0000000000000000 00007ffef7fa3873
0x00000054c8bfea60:   00007fff2ec40000 00007fff3dd2d0d8
0x00000054c8bfea70:   00000054c8bfeb60 0000019148ce1800 

Instructions: (pc=0x00007ffef7fa5663)
0x00007ffef7fa5643:   00 48 33 c4 48 89 84 24 a0 00 00 00 48 8b e9 48
0x00007ffef7fa5653:   c7 c3 ff ff ff ff 0f 1f 80 00 00 00 00 48 ff c3
0x00007ffef7fa5663:   80 3c 0b 00 75 f7 33 f6 c6 44 24 30 01 40 38 35
0x00007ffef7fa5673:   ff f5 87 00 74 17 40 38 35 50 5c 87 00 75 0e 33 



---------------  P R O C E S S  ---------------

Threads class SMR info:
_java_thread_list=0x00000191465a0970, length=0, elements={
}

Java Threads: ( => current thread )

Other Threads:

=>0x0000019148ce1800 (exited) JavaThread "Unknown thread" [_thread_in_vm, id=3832, stack(0x00000054c8b00000,0x00000054c8c00000)]

Threads with active compile tasks:

VM state:not at safepoint (not fully initialized)

VM Mutex/Monitor currently owned by a thread: None


[error occurred during error reporting (printing compressed oops mode), id 0xc0000005, EXCEPTION_ACCESS_VIOLATION (0xc0000005) at pc=0x00007ffef851ede7]

Deoptimization events (0 events):
No events

Classes redefined (0 events):
No events

Internal exceptions (0 events):
No events

Events (0 events):
No events


Dynamic libraries:
0x00007ff740f90000 - 0x00007ff740f9f000 	C:\Program Files\Java\jdk-11.0.15\bin\java.exe
0x00007fff47b40000 - 0x00007fff47d49000 	C:\WINDOWS\SYSTEM32\ntdll.dll
0x00007fff47540000 - 0x00007fff475fd000 	C:\WINDOWS\System32\KERNEL32.DLL
0x00007fff450b0000 - 0x00007fff45429000 	C:\WINDOWS\System32\KERNELBASE.dll
0x00007fff45540000 - 0x00007fff45651000 	C:\WINDOWS\System32\ucrtbase.dll
0x00007fff3e740000 - 0x00007fff3e758000 	C:\Program Files\Java\jdk-11.0.15\bin\jli.dll
0x00007fff3e610000 - 0x00007fff3e625000 	C:\Program Files\Java\jdk-11.0.15\bin\VCRUNTIME140.dll
0x00007fff46c70000 - 0x00007fff46d1e000 	C:\WINDOWS\System32\ADVAPI32.dll
0x00007fff46aa0000 - 0x00007fff46b43000 	C:\WINDOWS\System32\msvcrt.dll
0x00007fff46670000 - 0x00007fff4670e000 	C:\WINDOWS\System32\sechost.dll
0x00007fff476e0000 - 0x00007fff47800000 	C:\WINDOWS\System32\RPCRT4.dll
0x00007fff45d00000 - 0x00007fff45eac000 	C:\WINDOWS\System32\USER32.dll
0x00007fff457d0000 - 0x00007fff457f6000 	C:\WINDOWS\System32\win32u.dll
0x00007fff2fbd0000 - 0x00007fff2fe75000 	C:\WINDOWS\WinSxS\amd64_microsoft.windows.common-controls_6595b64144ccf1df_6.0.22000.120_none_9d947278b86cc467\COMCTL32.dll
0x00007fff47ad0000 - 0x00007fff47af9000 	C:\WINDOWS\System32\GDI32.dll
0x00007fff45800000 - 0x00007fff45912000 	C:\WINDOWS\System32\gdi32full.dll
0x00007fff454a0000 - 0x00007fff4553d000 	C:\WINDOWS\System32\msvcp_win.dll
0x00007fff3b3d0000 - 0x00007fff3b3da000 	C:\WINDOWS\SYSTEM32\VERSION.dll
0x00007fff47820000 - 0x00007fff47851000 	C:\WINDOWS\System32\IMM32.DLL
0x00007e1100000000 - 0x00007e1100085000 	C:\cmder\vendor\conemu-maximus5\ConEmu\ConEmuHk64.dll
0x00007fff2f150000 - 0x00007fff2f1eb000 	C:\Program Files\Java\jdk-11.0.15\bin\msvcp140.dll
0x00007ffef7de0000 - 0x00007ffef88f6000 	C:\Program Files\Java\jdk-11.0.15\bin\server\jvm.dll
0x00007fff45eb0000 - 0x00007fff45eb8000 	C:\WINDOWS\System32\PSAPI.DLL
0x00007fff29490000 - 0x00007fff29499000 	C:\WINDOWS\SYSTEM32\WSOCK32.dll
0x00007fff3c420000 - 0x00007fff3c453000 	C:\WINDOWS\SYSTEM32\WINMM.dll
0x00007fff45ba0000 - 0x00007fff45c0f000 	C:\WINDOWS\System32\WS2_32.dll
0x00007fff44200000 - 0x00007fff44218000 	C:\WINDOWS\SYSTEM32\kernel.appcore.dll
0x00007fff3e720000 - 0x00007fff3e730000 	C:\Program Files\Java\jdk-11.0.15\bin\verify.dll
0x00007fff42680000 - 0x00007fff428a1000 	C:\WINDOWS\SYSTEM32\DBGHELP.DLL
0x00007fff29430000 - 0x00007fff29461000 	C:\WINDOWS\SYSTEM32\dbgcore.DLL
0x0000019146810000 - 0x000001914688f000 	C:\WINDOWS\System32\bcryptPrimitives.dll
0x00007fff3dd20000 - 0x00007fff3dd48000 	C:\Program Files\Java\jdk-11.0.15\bin\java.dll
0x00007fff3cb20000 - 0x00007fff3cb2a000 	C:\Program Files\Java\jdk-11.0.15\bin\jimage.dll
0x00007fff2ec40000 - 0x00007fff2ec56000 	C:\Program Files\Java\jdk-11.0.15\bin\zip.dll

dbghelp: loaded successfully - version: 4.0.5 - missing functions: none
symbol engine: initialized successfully - sym options: 0x614 - pdb path: .;C:\Program Files\Java\jdk-11.0.15\bin;C:\WINDOWS\SYSTEM32;C:\WINDOWS\WinSxS\amd64_microsoft.windows.common-controls_6595b64144ccf1df_6.0.22000.120_none_9d947278b86cc467;C:\cmder\vendor\conemu-maximus5\ConEmu;C:\Program Files\Java\jdk-11.0.15\bin\server

VM Arguments:
java_command: <unknown>
java_class_path (initial): <not set>
Launcher Type: SUN_STANDARD

[Global flags]
     uint G1ConcRefinementThreads                  = 8                                         {product} {ergonomic}
    uintx GCDrainStackTargetSize                   = 64                                        {product} {ergonomic}
   size_t InitialHeapSize                          = 130601856                                 {product} {ergonomic}
   size_t MaxHeapSize                              = 2089629696                                {product} {ergonomic}
    uintx ReservedCodeCacheSize                    = 251658240                              {pd product} {ergonomic}
     bool SegmentedCodeCache                       = true                                      {product} {ergonomic}
     bool UseCompressedClassPointers               = true                                 {lp64_product} {ergonomic}
     bool UseCompressedOops                        = true                                 {lp64_product} {ergonomic}
     bool UseG1GC                                  = true                                      {product} {ergonomic}
     bool UseLargePagesIndividualAllocation        = false                                  {pd product} {ergonomic}

Logging:
Log output configuration:
 #0: stdout all=warning uptime,level,tags
 #1: stderr all=off uptime,level,tags

Environment Variables:
JAVA_HOME=C:\Program Files\Java\jdk-11.0.15
PATH=C:\cmder\vendor\conemu-maximus5\ConEmu\Scripts;C:\cmder\vendor\conemu-maximus5;C:\cmder\vendor\conemu-maximus5\ConEmu;C:\Program Files\Common Files\Oracle\Java\javapath;C:\Program Files\platform-tools;C:\Python310\;C:\WINDOWS\system32;C:\WINDOWS;C:\WINDOWS\System32\Wbem;C:\WINDOWS\System32\WindowsPowerShell\v1.0\;C:\WINDOWS\System32\OpenSSH\;C:\Program Files\Git\cmd;C:\Program Files\Microsoft SQL Server\150\Tools\Binn\;C:\Program Files\Microsoft SQL Server\Client SDK\ODBC\170\Tools\Binn\;C:\Program Files\dotnet\;C:\HashiCorp\Vagrant\bin;C:\Program Files\nodejs\;C:\ProgramData\chocolatey\bin;C:\Program Files\Docker\Docker\resources\bin;C:\ProgramData\DockerDesktop\version-bin;C:\Program Files\Java\jdk1.8.0_331;C:\Program Files\Java\jdk1.8.0_331\bin;C:\Program Files\Java\jdk1.8.0_331\lib;C:\Program Files\Common Files\Oracle\Java\javapath;C:\Program Files\platform-tools;C:\Python310\;C:\WINDOWS\system32;C:\WINDOWS;C:\WINDOWS\System32\Wbem;C:\WINDOWS\System32\WindowsPowerShell\v1.0\;C:\WINDOWS\System32\OpenSSH\;C:\Program Files\Git\cmd;C:\Program Files\Microsoft SQL Server\150\Tools\Binn\;C:\Program Files\Microsoft SQL Server\Client SDK\ODBC\170\Tools\Binn\;C:\Program Files\dotnet\;C:\HashiCorp\Vagrant\bin;C:\Program Files\nodejs\;C:\ProgramData\chocolatey\bin;C:\Program Files\Docker\Docker\resources\bin;C:\ProgramData\DockerDesktop\version-bin;C:\Program Files\Java\jdk1.8.0_331;C:\Program Files\Java\jdk1.8.0_331\bin;C:\Program Files\Java\jdk1.8.0_331\lib;C:\Program Files (x86)\Common Files\Oracle\Java\javapath;C:\Users\kassi\AppData\Local\Microsoft\WindowsApps;C:\Users\kassi\.dotnet\tools;C:\Users\kassi\AppData\Local\Programs\Microsoft VS Code\bin;C:\Users\kassi\AppData\Roaming\npm;C:\Program Files\Git\mingw64\bin;C:\Program Files\Git\usr\bin;C:\cmder\vendor\bin;C:\cmder
USERNAME=kassi
OS=Windows_NT
PROCESSOR_IDENTIFIER=Intel64 Family 6 Model 140 Stepping 1, GenuineIntel



---------------  S Y S T E M  ---------------

OS: Windows 11 , 64 bit Build 22000 (10.0.22000.675)

CPU:total 8 (initial active 8) 

Memory: 4k page, system-wide physical 7971M (1749M free)
TotalPageFile size 28451M (AvailPageFile size 19256M)
current process WorkingSet (physical memory assigned to process): 9M, peak: 9M
current process commit charge ("private bytes"): 3M, peak: 3M

vm_info: Java HotSpot(TM) 64-Bit Server VM (11.0.15+8-LTS-149) for windows-amd64 JRE (11.0.15+8-LTS-149), built on Mar  9 2022 22:42:32 by "mach5one" with MS VC++ 15.9 (VS2017)

END.
