#
# A fatal error has been detected by the Java Runtime Environment:
#
#  EXCEPTION_ACCESS_VIOLATION (0xc0000005) at pc=0x00007ffb3d9f5663, pid=18684, tid=7832
#
# JRE version:  (11.0.15+8) (build )
# Java VM: Java HotSpot(TM) 64-Bit Server VM (11.0.15+8-LTS-149, mixed mode, sharing, tiered, compressed oops, g1 gc, windows-amd64)
# Problematic frame:
# V  [jvm.dll+0x1c5663]
#
# No core dump will be written. Minidumps are not enabled by default on client versions of Windows
#
#

---------------  S U M M A R Y ------------

Command Line: -Xmx64m -Xms64m -Dorg.gradle.appname=gradlew org.gradle.wrapper.GradleWrapperMain app:installDebug -PreactNativeDevServerPort=8081

Host: 11th Gen Intel(R) Core(TM) i5-1135G7 @ 2.40GHz, 8 cores, 7G,  Windows 11 , 64 bit Build 22000 (10.0.22000.675)
Time: Sat May 28 07:23:09 2022 Hora oficial do Brasil elapsed time: 0.020082 seconds (0d 0h 0m 0s)

---------------  T H R E A D  ---------------

Current thread (0x00000142f5f15000):  JavaThread "Unknown thread" [_thread_in_vm, id=7832, stack(0x00000009b9f00000,0x00000009ba000000)]

Stack: [0x00000009b9f00000,0x00000009ba000000],  sp=0x00000009b9ffe9b0,  free space=1018k
Native frames: (J=compiled Java code, j=interpreted, Vv=VM code, C=native code)
V  [jvm.dll+0x1c5663]
V  [jvm.dll+0x1c3873]
V  [jvm.dll+0x346a9b]
V  [jvm.dll+0x723810]
V  [jvm.dll+0x3b56cf]
V  [jvm.dll+0x3b77e1]
C  [jli.dll+0x5207]
C  [ucrtbase.dll+0x26c0c]
C  [KERNEL32.DLL+0x154e0]
C  [ntdll.dll+0x485b]


siginfo: EXCEPTION_ACCESS_VIOLATION (0xc0000005), reading address 0x0000000000000000


Registers:
RAX=0x000053201fa3a8fe, RBX=0x0000000000000000, RCX=0x0000000000000000, RDX=0x00007ffba455d0d8
RSP=0x00000009b9ffe9b0, RBP=0x0000000000000000, RSI=0x00000142f5f15000, RDI=0x0000000000000000
R8 =0x0000000000000000, R9 =0x0000000000000000, R10=0x0000000000000000, R11=0x00000009b9ffe770
R12=0x0000000000000000, R13=0x00007ffb3de06bf0, R14=0x00000142f44ba708, R15=0x00000009b9fff6f8
RIP=0x00007ffb3d9f5663, EFLAGS=0x0000000000010256

Top of Stack: (sp=0x00000009b9ffe9b0)
0x00000009b9ffe9b0:   00000142f44d5070 00007ffbba10b510
0x00000009b9ffe9c0:   00000009b9fff6f8 00000142f44ba708
0x00000009b9ffe9d0:   0000000000000000 00000009b9ffeed0
0x00000009b9ffe9e0:   00000009b9ffead0 00007ffb3de06bf0
0x00000009b9ffe9f0:   0000fa29ba600052 00007ffb3df26f6b
0x00000009b9ffea00:   00007ffba4550000 00000009b9fff6f8
0x00000009b9ffea10:   00000142f44ba708 00007ffb3de06bf0
0x00000009b9ffea20:   0000000000000000 00007ffb3d9f371a
0x00000009b9ffea30:   0000000000000000 00007ffbba10e45c
0x00000009b9ffea40:   00007ffb3e07b710 00007ffb3de80093
0x00000009b9ffea50:   000053201fa3a8fe 00000142f44ba708
0x00000009b9ffea60:   00007ffb00000000 00007ffb3de06bf0
0x00000009b9ffea70:   00000142f5f15000 00000009b9ffeb90
0x00000009b9ffea80:   0000000000000000 00007ffb3d9f3873
0x00000009b9ffea90:   00007ffba4530000 00007ffba455d0d8
0x00000009b9ffeaa0:   00000009b9ffeb90 00000142f5f15000 

Instructions: (pc=0x00007ffb3d9f5663)
0x00007ffb3d9f5643:   00 48 33 c4 48 89 84 24 a0 00 00 00 48 8b e9 48
0x00007ffb3d9f5653:   c7 c3 ff ff ff ff 0f 1f 80 00 00 00 00 48 ff c3
0x00007ffb3d9f5663:   80 3c 0b 00 75 f7 33 f6 c6 44 24 30 01 40 38 35
0x00007ffb3d9f5673:   ff f5 87 00 74 17 40 38 35 50 5c 87 00 75 0e 33 



---------------  P R O C E S S  ---------------

Threads class SMR info:
_java_thread_list=0x00000142f44ba420, length=0, elements={
}

Java Threads: ( => current thread )

Other Threads:

=>0x00000142f5f15000 (exited) JavaThread "Unknown thread" [_thread_in_vm, id=7832, stack(0x00000009b9f00000,0x00000009ba000000)]

Threads with active compile tasks:

VM state:not at safepoint (not fully initialized)

VM Mutex/Monitor currently owned by a thread: None


[error occurred during error reporting (printing compressed oops mode), id 0xc0000005, EXCEPTION_ACCESS_VIOLATION (0xc0000005) at pc=0x00007ffb3df6ede7]

Deoptimization events (0 events):
No events

Classes redefined (0 events):
No events

Internal exceptions (0 events):
No events

Events (0 events):
No events


Dynamic libraries:
0x00007ff692a20000 - 0x00007ff692a2f000 	C:\Program Files\Java\jdk-11.0.15\bin\java.exe
0x00007ffbbc9e0000 - 0x00007ffbbcbe9000 	C:\WINDOWS\SYSTEM32\ntdll.dll
0x00007ffbbb0c0000 - 0x00007ffbbb17d000 	C:\WINDOWS\System32\KERNEL32.DLL
0x00007ffbba090000 - 0x00007ffbba409000 	C:\WINDOWS\System32\KERNELBASE.dll
0x00007ffbb9ed0000 - 0x00007ffbb9fe1000 	C:\WINDOWS\System32\ucrtbase.dll
0x00007ffbb2340000 - 0x00007ffbb2358000 	C:\Program Files\Java\jdk-11.0.15\bin\jli.dll
0x00007ffbb2df0000 - 0x00007ffbb2e05000 	C:\Program Files\Java\jdk-11.0.15\bin\VCRUNTIME140.dll
0x00007ffbbaad0000 - 0x00007ffbbab7e000 	C:\WINDOWS\System32\ADVAPI32.dll
0x00007ffbbc8f0000 - 0x00007ffbbc993000 	C:\WINDOWS\System32\msvcrt.dll
0x00007ffbbab80000 - 0x00007ffbbac1e000 	C:\WINDOWS\System32\sechost.dll
0x00007ffbbc090000 - 0x00007ffbbc1b0000 	C:\WINDOWS\System32\RPCRT4.dll
0x00007ffbbac30000 - 0x00007ffbbaddc000 	C:\WINDOWS\System32\USER32.dll
0x00007ffbba7d0000 - 0x00007ffbba7f6000 	C:\WINDOWS\System32\win32u.dll
0x00007ffba4a10000 - 0x00007ffba4cb5000 	C:\WINDOWS\WinSxS\amd64_microsoft.windows.common-controls_6595b64144ccf1df_6.0.22000.120_none_9d947278b86cc467\COMCTL32.dll
0x00007ffbbb2c0000 - 0x00007ffbbb2e9000 	C:\WINDOWS\System32\GDI32.dll
0x00007ffbba4d0000 - 0x00007ffbba5e2000 	C:\WINDOWS\System32\gdi32full.dll
0x00007ffbb9ff0000 - 0x00007ffbba08d000 	C:\WINDOWS\System32\msvcp_win.dll
0x00007ffbaec30000 - 0x00007ffbaec3a000 	C:\WINDOWS\SYSTEM32\VERSION.dll
0x00007ffbbbff0000 - 0x00007ffbbc021000 	C:\WINDOWS\System32\IMM32.DLL
0x00007e1100000000 - 0x00007e1100085000 	C:\cmder\vendor\conemu-maximus5\ConEmu\ConEmuHk64.dll
0x00007ffba4580000 - 0x00007ffba461b000 	C:\Program Files\Java\jdk-11.0.15\bin\msvcp140.dll
0x00007ffb3d830000 - 0x00007ffb3e346000 	C:\Program Files\Java\jdk-11.0.15\bin\server\jvm.dll
0x00007ffbb0f90000 - 0x00007ffbb0fc3000 	C:\WINDOWS\SYSTEM32\WINMM.dll
0x00007ffba6c50000 - 0x00007ffba6c59000 	C:\WINDOWS\SYSTEM32\WSOCK32.dll
0x00007ffbbaa60000 - 0x00007ffbbaacf000 	C:\WINDOWS\System32\WS2_32.dll
0x00000142f45f0000 - 0x00000142f45f8000 	C:\WINDOWS\System32\PSAPI.DLL
0x00007ffbb90a0000 - 0x00007ffbb90b8000 	C:\WINDOWS\SYSTEM32\kernel.appcore.dll
0x00007ffbb2de0000 - 0x00007ffbb2df0000 	C:\Program Files\Java\jdk-11.0.15\bin\verify.dll
0x00007ffbb7470000 - 0x00007ffbb7691000 	C:\WINDOWS\SYSTEM32\DBGHELP.DLL
0x00007ffb9d240000 - 0x00007ffb9d271000 	C:\WINDOWS\SYSTEM32\dbgcore.DLL
0x00007ffbba800000 - 0x00007ffbba87f000 	C:\WINDOWS\System32\bcryptPrimitives.dll
0x00007ffba4550000 - 0x00007ffba4578000 	C:\Program Files\Java\jdk-11.0.15\bin\java.dll
0x00007ffbb2b80000 - 0x00007ffbb2b8a000 	C:\Program Files\Java\jdk-11.0.15\bin\jimage.dll
0x00007ffba4530000 - 0x00007ffba4546000 	C:\Program Files\Java\jdk-11.0.15\bin\zip.dll

dbghelp: loaded successfully - version: 4.0.5 - missing functions: none
symbol engine: initialized successfully - sym options: 0x614 - pdb path: .;C:\Program Files\Java\jdk-11.0.15\bin;C:\WINDOWS\SYSTEM32;C:\WINDOWS\WinSxS\amd64_microsoft.windows.common-controls_6595b64144ccf1df_6.0.22000.120_none_9d947278b86cc467;C:\cmder\vendor\conemu-maximus5\ConEmu;C:\Program Files\Java\jdk-11.0.15\bin\server

VM Arguments:
jvm_args: -Xmx64m -Xms64m -Dorg.gradle.appname=gradlew 
java_command: org.gradle.wrapper.GradleWrapperMain app:installDebug -PreactNativeDevServerPort=8081
java_class_path (initial): C:\Workspace\workspace-tcc\Code\react\MeuPlanner\android\\gradle\wrapper\gradle-wrapper.jar
Launcher Type: SUN_STANDARD

[Global flags]
     uint G1ConcRefinementThreads                  = 8                                         {product} {ergonomic}
    uintx GCDrainStackTargetSize                   = 64                                        {product} {ergonomic}
   size_t InitialHeapSize                          = 67108864                                  {product} {command line}
   size_t MaxHeapSize                              = 67108864                                  {product} {command line}
    uintx ReservedCodeCacheSize                    = 251658240                              {pd product} {ergonomic}
     bool SegmentedCodeCache                       = true                                      {product} {ergonomic}
     bool UseCompressedClassPointers               = true                                 {lp64_product} {ergonomic}
     bool UseCompressedOops                        = true                                 {lp64_product} {ergonomic}
     bool UseG1GC                                  = true                                      {product} {ergonomic}
     bool UseLargePagesIndividualAllocation        = false                                  {pd product} {ergonomic}

Logging:
Log output configuration:
 #0: stdout all=warning uptime,level,tags
 #1: stderr all=off uptime,level,tags

Environment Variables:
JAVA_HOME=C:\Program Files\Java\jdk-11.0.15
CLASSPATH=C:\Workspace\workspace-tcc\Code\react\MeuPlanner\android\\gradle\wrapper\gradle-wrapper.jar
PATH=C:\Workspace\workspace-tcc\Code\react\MeuPlanner\android\node_modules\.bin;C:\Workspace\workspace-tcc\Code\react\MeuPlanner\node_modules\.bin;C:\Workspace\workspace-tcc\Code\react\node_modules\.bin;C:\Workspace\workspace-tcc\Code\node_modules\.bin;C:\Workspace\workspace-tcc\node_modules\.bin;C:\Workspace\node_modules\.bin;C:\node_modules\.bin;C:\Program Files\nodejs;C:\Users\kassi\AppData\Local\Temp\yarn--1653733376952-0.007978481577741725;C:\Workspace\workspace-tcc\Code\react\MeuPlanner\node_modules\.bin;C:\Users\kassi\AppData\Local\Yarn\Data\link\node_modules\.bin;C:\Users\kassi\AppData\Local\Yarn\bin;C:\Program Files\libexec\lib\node_modules\npm\bin\node-gyp-bin;C:\Program Files\lib\node_modules\npm\bin\node-gyp-bin;C:\Program Files\nodejs\node_modules\npm\bin\node-gyp-bin;C:\cmder\vendor\conemu-maximus5\ConEmu\Scripts;C:\cmder\vendor\conemu-maximus5;C:\cmder\vendor\conemu-maximus5\ConEmu;C:\Program Files\Common Files\Oracle\Java\javapath;C:\Program Files\platform-tools;C:\Python310\;C:\WINDOWS\system32;C:\WINDOWS;C:\WINDOWS\System32\Wbem;C:\WINDOWS\System32\WindowsPowerShell\v1.0\;C:\WINDOWS\System32\OpenSSH\;C:\Program Files\Git\cmd;C:\Program Files\Microsoft SQL Server\150\Tools\Binn\;C:\Program Files\Microsoft SQL Server\Client SDK\ODBC\170\Tools\Binn\;C:\Program Files\dotnet\;C:\HashiCorp\Vagrant\bin;C:\Program Files\nodejs\;C:\ProgramData\chocolatey\bin;C:\Program Files\Docker\Docker\resources\bin;C:\ProgramData\DockerDesktop\version-bin;C:\Program Files\Java\jdk1.8.0_331;C:\Program Files\Java\jdk1.8.0_331\bin;C:\Program Files\Java\jdk1.8.0_331\lib;C:\Program Files\Common Files\Oracle\Java\javapath;C:\Program Files\platform-tools;C:\Python310\;C:\WINDOWS\system32;C:\WINDOWS;C:\WINDOWS\System32\Wbem;C:\WINDOWS\System32\WindowsPowerShell\v1.0\;C:\WINDOWS\System32\OpenSSH\;C:\Program Files\Git\cmd;C:\Program Files\Microsoft SQL Server\150\Tools\Binn\;C:\Program Files\Microsoft SQL Server\Client SDK\ODBC\170\Tools\Binn\;C:\Program Files\dotnet\;C:\HashiCorp\V
USERNAME=kassi
OS=Windows_NT
PROCESSOR_IDENTIFIER=Intel64 Family 6 Model 140 Stepping 1, GenuineIntel



---------------  S Y S T E M  ---------------

OS: Windows 11 , 64 bit Build 22000 (10.0.22000.675)

CPU:total 8 (initial active 8) 

Memory: 4k page, system-wide physical 7971M (664M free)
TotalPageFile size 28451M (AvailPageFile size 16747M)
current process WorkingSet (physical memory assigned to process): 9M, peak: 9M
current process commit charge ("private bytes"): 4M, peak: 4M

vm_info: Java HotSpot(TM) 64-Bit Server VM (11.0.15+8-LTS-149) for windows-amd64 JRE (11.0.15+8-LTS-149), built on Mar  9 2022 22:42:32 by "mach5one" with MS VC++ 15.9 (VS2017)

END.
